<?xml version="1.0" encoding="UTF-8"?>
<robot generator="Robot 3.2.2 (Python 3.8.0 on win32)" generated="20210907 18:21:48.562" rpa="false">
<suite id="s1" name="Testcase" source="C:\Users\DELL\Desktop\Moolya assesment\assesment7.2\testcase.robot">
<test id="s1-t1" name="Observe user able to open the browser">
<kw name="Given User Launch browser for flipkart">
<kw name="Open Browser" library="SeleniumLibrary">
<doc>Opens a new browser instance to the optional ``url``.</doc>
<arguments>
<arg>https://www.flipkart.com/</arg>
<arg>chrome</arg>
</arguments>
<msg timestamp="20210907 18:21:48.883" level="INFO">Opening browser 'chrome' to base url 'https://www.flipkart.com/'.</msg>
<status status="PASS" starttime="20210907 18:21:48.883" endtime="20210907 18:21:56.413"></status>
</kw>
<kw name="Maximize Browser Window" library="SeleniumLibrary">
<doc>Maximizes current browser window.</doc>
<status status="PASS" starttime="20210907 18:21:56.413" endtime="20210907 18:21:57.009"></status>
</kw>
<status status="PASS" starttime="20210907 18:21:48.882" endtime="20210907 18:21:57.010"></status>
</kw>
<kw name="User Enter the userid and password">
<kw name="Input Text" library="SeleniumLibrary">
<doc>Types the given ``text`` into the text field identified by ``locator``.</doc>
<arguments>
<arg>${id}</arg>
<arg>8073620593</arg>
</arguments>
<msg timestamp="20210907 18:21:57.015" level="INFO">Typing text '8073620593' into text field 'xpath= /html/body/div[2]/div/div/div/div/div[2]/div/form/div[1]/input'.</msg>
<status status="PASS" starttime="20210907 18:21:57.014" endtime="20210907 18:21:57.314"></status>
</kw>
<kw name="Input Text" library="SeleniumLibrary">
<doc>Types the given ``text`` into the text field identified by ``locator``.</doc>
<arguments>
<arg>${pass}</arg>
<arg>ammu8553218334</arg>
</arguments>
<msg timestamp="20210907 18:21:57.315" level="INFO">Typing text 'ammu8553218334' into text field 'xpath= /html/body/div[2]/div/div/div/div/div[2]/div/form/div[2]/input'.</msg>
<status status="PASS" starttime="20210907 18:21:57.314" endtime="20210907 18:21:57.427"></status>
</kw>
<kw name="Click Button" library="SeleniumLibrary">
<doc>Clicks the button identified by ``locator``.</doc>
<arguments>
<arg>${submit}</arg>
</arguments>
<msg timestamp="20210907 18:21:57.428" level="INFO">Clicking button 'xpath= /html/body/div[2]/div/div/div/div/div[2]/div/form/div[4]/button'.</msg>
<status status="PASS" starttime="20210907 18:21:57.427" endtime="20210907 18:21:57.528"></status>
</kw>
<status status="PASS" starttime="20210907 18:21:57.012" endtime="20210907 18:21:57.529"></status>
</kw>
<kw name="User Click on searchbox and search for Electronics">
<kw name="Click Element" library="SeleniumLibrary">
<doc>Click the element identified by ``locator``.</doc>
<arguments>
<arg>${search}</arg>
</arguments>
<msg timestamp="20210907 18:21:57.532" level="INFO">Clicking element 'xpath= //*[@id="container"]/div/div[1]/div[1]/div[2]/div[2]/form/div/div/input'.</msg>
<status status="PASS" starttime="20210907 18:21:57.531" endtime="20210907 18:22:02.113"></status>
</kw>
<kw name="Input Text" library="SeleniumLibrary">
<doc>Types the given ``text`` into the text field identified by ``locator``.</doc>
<arguments>
<arg>${text}</arg>
<arg>Electronics</arg>
</arguments>
<msg timestamp="20210907 18:22:02.114" level="INFO">Typing text 'Electronics' into text field 'xpath= //*[@id="container"]/div/div[1]/div[1]/div[2]/div[2]/form/div/div/input'.</msg>
<status status="PASS" starttime="20210907 18:22:02.113" endtime="20210907 18:22:02.281"></status>
</kw>
<kw name="Click Button" library="SeleniumLibrary">
<doc>Clicks the button identified by ``locator``.</doc>
<arguments>
<arg>xpath://*[@id="container"]/div/div[1]/div[1]/div[2]/div[2]/form/div/button</arg>
</arguments>
<msg timestamp="20210907 18:22:02.281" level="INFO">Clicking button 'xpath://*[@id="container"]/div/div[1]/div[1]/div[2]/div[2]/form/div/button'.</msg>
<status status="PASS" starttime="20210907 18:22:02.281" endtime="20210907 18:22:02.357"></status>
</kw>
<kw name="Sleep" library="BuiltIn">
<doc>Pauses the test executed for the given time.</doc>
<arguments>
<arg>2s</arg>
</arguments>
<msg timestamp="20210907 18:22:04.359" level="INFO">Slept 2 seconds</msg>
<status status="PASS" starttime="20210907 18:22:02.358" endtime="20210907 18:22:04.359"></status>
</kw>
<status status="PASS" starttime="20210907 18:21:57.530" endtime="20210907 18:22:04.359"></status>
</kw>
<kw name="User Click on desire device of any Electronics">
<kw name="Click Element" library="SeleniumLibrary">
<doc>Click the element identified by ``locator``.</doc>
<arguments>
<arg>${item}</arg>
</arguments>
<msg timestamp="20210907 18:22:04.360" level="INFO">Clicking element 'xpath= //*[@id="container"]/div/div[3]/div[1]/div[2]/div[2]/div/div[1]/div/a[1]/div[1]/div/div/img'.</msg>
<status status="PASS" starttime="20210907 18:22:04.360" endtime="20210907 18:22:04.510"></status>
</kw>
<kw name="Switch Window" library="SeleniumLibrary">
<doc>Switches to browser window matching ``locator``.</doc>
<arguments>
<arg>locator=NEW</arg>
</arguments>
<status status="PASS" starttime="20210907 18:22:04.511" endtime="20210907 18:22:04.538"></status>
</kw>
<kw name="Click Button" library="SeleniumLibrary">
<doc>Clicks the button identified by ``locator``.</doc>
<arguments>
<arg>${add cart}</arg>
</arguments>
<msg timestamp="20210907 18:22:04.539" level="INFO">Clicking button 'xpath= //*[@id="container"]/div/div[3]/div[1]/div[1]/div[2]/div/ul/li[1]/button'.</msg>
<status status="PASS" starttime="20210907 18:22:04.538" endtime="20210907 18:22:07.374"></status>
</kw>
<kw name="Sleep" library="BuiltIn">
<doc>Pauses the test executed for the given time.</doc>
<arguments>
<arg>2s</arg>
</arguments>
<msg timestamp="20210907 18:22:09.376" level="INFO">Slept 2 seconds</msg>
<status status="PASS" starttime="20210907 18:22:07.374" endtime="20210907 18:22:09.376"></status>
</kw>
<kw name="Click Element" library="SeleniumLibrary">
<doc>Click the element identified by ``locator``.</doc>
<arguments>
<arg>xpath://*[@id="container"]/div/div[1]/div[1]/div[2]/div[1]/div/a[1]/img</arg>
</arguments>
<msg timestamp="20210907 18:22:09.376" level="INFO">Clicking element 'xpath://*[@id="container"]/div/div[1]/div[1]/div[2]/div[1]/div/a[1]/img'.</msg>
<status status="PASS" starttime="20210907 18:22:09.376" endtime="20210907 18:22:09.440"></status>
</kw>
<kw name="Sleep" library="BuiltIn">
<doc>Pauses the test executed for the given time.</doc>
<arguments>
<arg>2s</arg>
</arguments>
<msg timestamp="20210907 18:22:11.441" level="INFO">Slept 2 seconds</msg>
<status status="PASS" starttime="20210907 18:22:09.440" endtime="20210907 18:22:11.441"></status>
</kw>
<kw name="Click Element" library="SeleniumLibrary">
<doc>Click the element identified by ``locator``.</doc>
<arguments>
<arg>xpath://*[@id="container"]/div/div[1]/div[1]/div[2]/div[5]/div/div/a/span</arg>
</arguments>
<msg timestamp="20210907 18:22:11.441" level="INFO">Clicking element 'xpath://*[@id="container"]/div/div[1]/div[1]/div[2]/div[5]/div/div/a/span'.</msg>
<status status="PASS" starttime="20210907 18:22:11.441" endtime="20210907 18:22:11.595"></status>
</kw>
<status status="PASS" starttime="20210907 18:22:04.360" endtime="20210907 18:22:11.595"></status>
</kw>
<status status="PASS" starttime="20210907 18:21:48.881" endtime="20210907 18:22:11.596" critical="yes"></status>
</test>
<status status="PASS" starttime="20210907 18:21:48.564" endtime="20210907 18:22:11.598"></status>
</suite>
<statistics>
<total>
<stat pass="1" fail="0">Critical Tests</stat>
<stat pass="1" fail="0">All Tests</stat>
</total>
<tag>
</tag>
<suite>
<stat pass="1" fail="0" id="s1" name="Testcase">Testcase</stat>
</suite>
</statistics>
<errors>
</errors>
</robot>
